[2025-04-02 15:50:17] local.ERROR: Call to undefined method App\Models\Patient::factory() {"exception":"[object] (BadMethodCallException(code: 0): Call to undefined method App\\Models\\Patient::factory() at /project/sandbox/user-workspace/hello-doc/vendor/laravel/framework/src/Illuminate/Support/Traits/ForwardsCalls.php:67)
[stacktrace]
#0 /project/sandbox/user-workspace/hello-doc/vendor/laravel/framework/src/Illuminate/Support/Traits/ForwardsCalls.php(36): Illuminate\\Database\\Eloquent\\Model::throwBadMethodCallException()
#1 /project/sandbox/user-workspace/hello-doc/vendor/laravel/framework/src/Illuminate/Database/Eloquent/Model.php(2392): Illuminate\\Database\\Eloquent\\Model->forwardCallTo()
#2 /project/sandbox/user-workspace/hello-doc/vendor/laravel/framework/src/Illuminate/Database/Eloquent/Model.php(2408): Illuminate\\Database\\Eloquent\\Model->__call()
#3 /project/sandbox/user-workspace/hello-doc/database/seeders/PatientSeeder.php(35): Illuminate\\Database\\Eloquent\\Model::__callStatic()
#4 /project/sandbox/user-workspace/hello-doc/vendor/laravel/framework/src/Illuminate/Container/BoundMethod.php(36): Database\\Seeders\\PatientSeeder->run()
#5 /project/sandbox/user-workspace/hello-doc/vendor/laravel/framework/src/Illuminate/Container/Util.php(43): Illuminate\\Container\\BoundMethod::Illuminate\\Container\\{closure}()
#6 /project/sandbox/user-workspace/hello-doc/vendor/laravel/framework/src/Illuminate/Container/BoundMethod.php(96): Illuminate\\Container\\Util::unwrapIfClosure()
#7 /project/sandbox/user-workspace/hello-doc/vendor/laravel/framework/src/Illuminate/Container/BoundMethod.php(35): Illuminate\\Container\\BoundMethod::callBoundMethod()
#8 /project/sandbox/user-workspace/hello-doc/vendor/laravel/framework/src/Illuminate/Container/Container.php(754): Illuminate\\Container\\BoundMethod::call()
#9 /project/sandbox/user-workspace/hello-doc/vendor/laravel/framework/src/Illuminate/Database/Seeder.php(188): Illuminate\\Container\\Container->call()
#10 /project/sandbox/user-workspace/hello-doc/vendor/laravel/framework/src/Illuminate/Database/Seeder.php(197): Illuminate\\Database\\Seeder->Illuminate\\Database\\{closure}()
#11 /project/sandbox/user-workspace/hello-doc/vendor/laravel/framework/src/Illuminate/Database/Seeder.php(61): Illuminate\\Database\\Seeder->__invoke()
#12 /project/sandbox/user-workspace/hello-doc/database/seeders/DatabaseSeeder.php(20): Illuminate\\Database\\Seeder->call()
#13 /project/sandbox/user-workspace/hello-doc/vendor/laravel/framework/src/Illuminate/Container/BoundMethod.php(36): Database\\Seeders\\DatabaseSeeder->run()
#14 /project/sandbox/user-workspace/hello-doc/vendor/laravel/framework/src/Illuminate/Container/Util.php(43): Illuminate\\Container\\BoundMethod::Illuminate\\Container\\{closure}()
#15 /project/sandbox/user-workspace/hello-doc/vendor/laravel/framework/src/Illuminate/Container/BoundMethod.php(96): Illuminate\\Container\\Util::unwrapIfClosure()
#16 /project/sandbox/user-workspace/hello-doc/vendor/laravel/framework/src/Illuminate/Container/BoundMethod.php(35): Illuminate\\Container\\BoundMethod::callBoundMethod()
#17 /project/sandbox/user-workspace/hello-doc/vendor/laravel/framework/src/Illuminate/Container/Container.php(754): Illuminate\\Container\\BoundMethod::call()
#18 /project/sandbox/user-workspace/hello-doc/vendor/laravel/framework/src/Illuminate/Database/Seeder.php(188): Illuminate\\Container\\Container->call()
#19 /project/sandbox/user-workspace/hello-doc/vendor/laravel/framework/src/Illuminate/Database/Seeder.php(197): Illuminate\\Database\\Seeder->Illuminate\\Database\\{closure}()
#20 /project/sandbox/user-workspace/hello-doc/vendor/laravel/framework/src/Illuminate/Database/Console/Seeds/SeedCommand.php(69): Illuminate\\Database\\Seeder->__invoke()
#21 /project/sandbox/user-workspace/hello-doc/vendor/laravel/framework/src/Illuminate/Database/Eloquent/Concerns/GuardsAttributes.php(155): Illuminate\\Database\\Console\\Seeds\\SeedCommand->Illuminate\\Database\\Console\\Seeds\\{closure}()
#22 /project/sandbox/user-workspace/hello-doc/vendor/laravel/framework/src/Illuminate/Database/Console/Seeds/SeedCommand.php(68): Illuminate\\Database\\Eloquent\\Model::unguarded()
#23 /project/sandbox/user-workspace/hello-doc/vendor/laravel/framework/src/Illuminate/Container/BoundMethod.php(36): Illuminate\\Database\\Console\\Seeds\\SeedCommand->handle()
#24 /project/sandbox/user-workspace/hello-doc/vendor/laravel/framework/src/Illuminate/Container/Util.php(43): Illuminate\\Container\\BoundMethod::Illuminate\\Container\\{closure}()
#25 /project/sandbox/user-workspace/hello-doc/vendor/laravel/framework/src/Illuminate/Container/BoundMethod.php(96): Illuminate\\Container\\Util::unwrapIfClosure()
#26 /project/sandbox/user-workspace/hello-doc/vendor/laravel/framework/src/Illuminate/Container/BoundMethod.php(35): Illuminate\\Container\\BoundMethod::callBoundMethod()
#27 /project/sandbox/user-workspace/hello-doc/vendor/laravel/framework/src/Illuminate/Container/Container.php(754): Illuminate\\Container\\BoundMethod::call()
#28 /project/sandbox/user-workspace/hello-doc/vendor/laravel/framework/src/Illuminate/Console/Command.php(211): Illuminate\\Container\\Container->call()
#29 /project/sandbox/user-workspace/hello-doc/vendor/symfony/console/Command/Command.php(279): Illuminate\\Console\\Command->execute()
#30 /project/sandbox/user-workspace/hello-doc/vendor/laravel/framework/src/Illuminate/Console/Command.php(180): Symfony\\Component\\Console\\Command\\Command->run()
#31 /project/sandbox/user-workspace/hello-doc/vendor/laravel/framework/src/Illuminate/Console/Concerns/CallsCommands.php(68): Illuminate\\Console\\Command->run()
#32 /project/sandbox/user-workspace/hello-doc/vendor/laravel/framework/src/Illuminate/Console/Concerns/CallsCommands.php(29): Illuminate\\Console\\Command->runCommand()
#33 /project/sandbox/user-workspace/hello-doc/vendor/laravel/framework/src/Illuminate/Database/Console/Migrations/MigrateCommand.php(125): Illuminate\\Console\\Command->call()
#34 /project/sandbox/user-workspace/hello-doc/vendor/laravel/framework/src/Illuminate/Database/Migrations/Migrator.php(665): Illuminate\\Database\\Console\\Migrations\\MigrateCommand->Illuminate\\Database\\Console\\Migrations\\{closure}()
#35 /project/sandbox/user-workspace/hello-doc/vendor/laravel/framework/src/Illuminate/Database/Console/Migrations/MigrateCommand.php(109): Illuminate\\Database\\Migrations\\Migrator->usingConnection()
#36 /project/sandbox/user-workspace/hello-doc/vendor/laravel/framework/src/Illuminate/Database/Console/Migrations/MigrateCommand.php(88): Illuminate\\Database\\Console\\Migrations\\MigrateCommand->runMigrations()
#37 /project/sandbox/user-workspace/hello-doc/vendor/laravel/framework/src/Illuminate/Container/BoundMethod.php(36): Illuminate\\Database\\Console\\Migrations\\MigrateCommand->handle()
#38 /project/sandbox/user-workspace/hello-doc/vendor/laravel/framework/src/Illuminate/Container/Util.php(43): Illuminate\\Container\\BoundMethod::Illuminate\\Container\\{closure}()
#39 /project/sandbox/user-workspace/hello-doc/vendor/laravel/framework/src/Illuminate/Container/BoundMethod.php(96): Illuminate\\Container\\Util::unwrapIfClosure()
#40 /project/sandbox/user-workspace/hello-doc/vendor/laravel/framework/src/Illuminate/Container/BoundMethod.php(35): Illuminate\\Container\\BoundMethod::callBoundMethod()
#41 /project/sandbox/user-workspace/hello-doc/vendor/laravel/framework/src/Illuminate/Container/Container.php(754): Illuminate\\Container\\BoundMethod::call()
#42 /project/sandbox/user-workspace/hello-doc/vendor/laravel/framework/src/Illuminate/Console/Command.php(211): Illuminate\\Container\\Container->call()
#43 /project/sandbox/user-workspace/hello-doc/vendor/symfony/console/Command/Command.php(279): Illuminate\\Console\\Command->execute()
#44 /project/sandbox/user-workspace/hello-doc/vendor/laravel/framework/src/Illuminate/Console/Command.php(180): Symfony\\Component\\Console\\Command\\Command->run()
#45 /project/sandbox/user-workspace/hello-doc/vendor/symfony/console/Application.php(1094): Illuminate\\Console\\Command->run()
#46 /project/sandbox/user-workspace/hello-doc/vendor/symfony/console/Application.php(342): Symfony\\Component\\Console\\Application->doRunCommand()
#47 /project/sandbox/user-workspace/hello-doc/vendor/symfony/console/Application.php(193): Symfony\\Component\\Console\\Application->doRun()
#48 /project/sandbox/user-workspace/hello-doc/vendor/laravel/framework/src/Illuminate/Foundation/Console/Kernel.php(197): Symfony\\Component\\Console\\Application->run()
#49 /project/sandbox/user-workspace/hello-doc/vendor/laravel/framework/src/Illuminate/Foundation/Application.php(1234): Illuminate\\Foundation\\Console\\Kernel->handle()
#50 /project/sandbox/user-workspace/hello-doc/artisan(16): Illuminate\\Foundation\\Application->handleCommand()
#51 {main}
"} 
[2025-04-02 15:56:24] local.ERROR: Call to undefined method App\Models\Doctor::factory() {"exception":"[object] (BadMethodCallException(code: 0): Call to undefined method App\\Models\\Doctor::factory() at /project/sandbox/user-workspace/hello-doc/vendor/laravel/framework/src/Illuminate/Support/Traits/ForwardsCalls.php:67)
[stacktrace]
#0 /project/sandbox/user-workspace/hello-doc/vendor/laravel/framework/src/Illuminate/Support/Traits/ForwardsCalls.php(36): Illuminate\\Database\\Eloquent\\Model::throwBadMethodCallException()
#1 /project/sandbox/user-workspace/hello-doc/vendor/laravel/framework/src/Illuminate/Database/Eloquent/Model.php(2392): Illuminate\\Database\\Eloquent\\Model->forwardCallTo()
#2 /project/sandbox/user-workspace/hello-doc/vendor/laravel/framework/src/Illuminate/Database/Eloquent/Model.php(2408): Illuminate\\Database\\Eloquent\\Model->__call()
#3 /project/sandbox/user-workspace/hello-doc/database/seeders/DoctorSeeder.php(31): Illuminate\\Database\\Eloquent\\Model::__callStatic()
#4 /project/sandbox/user-workspace/hello-doc/vendor/laravel/framework/src/Illuminate/Container/BoundMethod.php(36): Database\\Seeders\\DoctorSeeder->run()
#5 /project/sandbox/user-workspace/hello-doc/vendor/laravel/framework/src/Illuminate/Container/Util.php(43): Illuminate\\Container\\BoundMethod::Illuminate\\Container\\{closure}()
#6 /project/sandbox/user-workspace/hello-doc/vendor/laravel/framework/src/Illuminate/Container/BoundMethod.php(96): Illuminate\\Container\\Util::unwrapIfClosure()
#7 /project/sandbox/user-workspace/hello-doc/vendor/laravel/framework/src/Illuminate/Container/BoundMethod.php(35): Illuminate\\Container\\BoundMethod::callBoundMethod()
#8 /project/sandbox/user-workspace/hello-doc/vendor/laravel/framework/src/Illuminate/Container/Container.php(754): Illuminate\\Container\\BoundMethod::call()
#9 /project/sandbox/user-workspace/hello-doc/vendor/laravel/framework/src/Illuminate/Database/Seeder.php(188): Illuminate\\Container\\Container->call()
#10 /project/sandbox/user-workspace/hello-doc/vendor/laravel/framework/src/Illuminate/Database/Seeder.php(197): Illuminate\\Database\\Seeder->Illuminate\\Database\\{closure}()
#11 /project/sandbox/user-workspace/hello-doc/vendor/laravel/framework/src/Illuminate/Database/Seeder.php(61): Illuminate\\Database\\Seeder->__invoke()
#12 /project/sandbox/user-workspace/hello-doc/database/seeders/DatabaseSeeder.php(20): Illuminate\\Database\\Seeder->call()
#13 /project/sandbox/user-workspace/hello-doc/vendor/laravel/framework/src/Illuminate/Container/BoundMethod.php(36): Database\\Seeders\\DatabaseSeeder->run()
#14 /project/sandbox/user-workspace/hello-doc/vendor/laravel/framework/src/Illuminate/Container/Util.php(43): Illuminate\\Container\\BoundMethod::Illuminate\\Container\\{closure}()
#15 /project/sandbox/user-workspace/hello-doc/vendor/laravel/framework/src/Illuminate/Container/BoundMethod.php(96): Illuminate\\Container\\Util::unwrapIfClosure()
#16 /project/sandbox/user-workspace/hello-doc/vendor/laravel/framework/src/Illuminate/Container/BoundMethod.php(35): Illuminate\\Container\\BoundMethod::callBoundMethod()
#17 /project/sandbox/user-workspace/hello-doc/vendor/laravel/framework/src/Illuminate/Container/Container.php(754): Illuminate\\Container\\BoundMethod::call()
#18 /project/sandbox/user-workspace/hello-doc/vendor/laravel/framework/src/Illuminate/Database/Seeder.php(188): Illuminate\\Container\\Container->call()
#19 /project/sandbox/user-workspace/hello-doc/vendor/laravel/framework/src/Illuminate/Database/Seeder.php(197): Illuminate\\Database\\Seeder->Illuminate\\Database\\{closure}()
#20 /project/sandbox/user-workspace/hello-doc/vendor/laravel/framework/src/Illuminate/Database/Console/Seeds/SeedCommand.php(69): Illuminate\\Database\\Seeder->__invoke()
#21 /project/sandbox/user-workspace/hello-doc/vendor/laravel/framework/src/Illuminate/Database/Eloquent/Concerns/GuardsAttributes.php(155): Illuminate\\Database\\Console\\Seeds\\SeedCommand->Illuminate\\Database\\Console\\Seeds\\{closure}()
#22 /project/sandbox/user-workspace/hello-doc/vendor/laravel/framework/src/Illuminate/Database/Console/Seeds/SeedCommand.php(68): Illuminate\\Database\\Eloquent\\Model::unguarded()
#23 /project/sandbox/user-workspace/hello-doc/vendor/laravel/framework/src/Illuminate/Container/BoundMethod.php(36): Illuminate\\Database\\Console\\Seeds\\SeedCommand->handle()
#24 /project/sandbox/user-workspace/hello-doc/vendor/laravel/framework/src/Illuminate/Container/Util.php(43): Illuminate\\Container\\BoundMethod::Illuminate\\Container\\{closure}()
#25 /project/sandbox/user-workspace/hello-doc/vendor/laravel/framework/src/Illuminate/Container/BoundMethod.php(96): Illuminate\\Container\\Util::unwrapIfClosure()
#26 /project/sandbox/user-workspace/hello-doc/vendor/laravel/framework/src/Illuminate/Container/BoundMethod.php(35): Illuminate\\Container\\BoundMethod::callBoundMethod()
#27 /project/sandbox/user-workspace/hello-doc/vendor/laravel/framework/src/Illuminate/Container/Container.php(754): Illuminate\\Container\\BoundMethod::call()
#28 /project/sandbox/user-workspace/hello-doc/vendor/laravel/framework/src/Illuminate/Console/Command.php(211): Illuminate\\Container\\Container->call()
#29 /project/sandbox/user-workspace/hello-doc/vendor/symfony/console/Command/Command.php(279): Illuminate\\Console\\Command->execute()
#30 /project/sandbox/user-workspace/hello-doc/vendor/laravel/framework/src/Illuminate/Console/Command.php(180): Symfony\\Component\\Console\\Command\\Command->run()
#31 /project/sandbox/user-workspace/hello-doc/vendor/laravel/framework/src/Illuminate/Console/Concerns/CallsCommands.php(68): Illuminate\\Console\\Command->run()
#32 /project/sandbox/user-workspace/hello-doc/vendor/laravel/framework/src/Illuminate/Console/Concerns/CallsCommands.php(29): Illuminate\\Console\\Command->runCommand()
#33 /project/sandbox/user-workspace/hello-doc/vendor/laravel/framework/src/Illuminate/Database/Console/Migrations/FreshCommand.php(121): Illuminate\\Console\\Command->call()
#34 /project/sandbox/user-workspace/hello-doc/vendor/laravel/framework/src/Illuminate/Database/Console/Migrations/FreshCommand.php(97): Illuminate\\Database\\Console\\Migrations\\FreshCommand->runSeeder()
#35 /project/sandbox/user-workspace/hello-doc/vendor/laravel/framework/src/Illuminate/Container/BoundMethod.php(36): Illuminate\\Database\\Console\\Migrations\\FreshCommand->handle()
#36 /project/sandbox/user-workspace/hello-doc/vendor/laravel/framework/src/Illuminate/Container/Util.php(43): Illuminate\\Container\\BoundMethod::Illuminate\\Container\\{closure}()
#37 /project/sandbox/user-workspace/hello-doc/vendor/laravel/framework/src/Illuminate/Container/BoundMethod.php(96): Illuminate\\Container\\Util::unwrapIfClosure()
#38 /project/sandbox/user-workspace/hello-doc/vendor/laravel/framework/src/Illuminate/Container/BoundMethod.php(35): Illuminate\\Container\\BoundMethod::callBoundMethod()
#39 /project/sandbox/user-workspace/hello-doc/vendor/laravel/framework/src/Illuminate/Container/Container.php(754): Illuminate\\Container\\BoundMethod::call()
#40 /project/sandbox/user-workspace/hello-doc/vendor/laravel/framework/src/Illuminate/Console/Command.php(211): Illuminate\\Container\\Container->call()
#41 /project/sandbox/user-workspace/hello-doc/vendor/symfony/console/Command/Command.php(279): Illuminate\\Console\\Command->execute()
#42 /project/sandbox/user-workspace/hello-doc/vendor/laravel/framework/src/Illuminate/Console/Command.php(180): Symfony\\Component\\Console\\Command\\Command->run()
#43 /project/sandbox/user-workspace/hello-doc/vendor/symfony/console/Application.php(1094): Illuminate\\Console\\Command->run()
#44 /project/sandbox/user-workspace/hello-doc/vendor/symfony/console/Application.php(342): Symfony\\Component\\Console\\Application->doRunCommand()
#45 /project/sandbox/user-workspace/hello-doc/vendor/symfony/console/Application.php(193): Symfony\\Component\\Console\\Application->doRun()
#46 /project/sandbox/user-workspace/hello-doc/vendor/laravel/framework/src/Illuminate/Foundation/Console/Kernel.php(197): Symfony\\Component\\Console\\Application->run()
#47 /project/sandbox/user-workspace/hello-doc/vendor/laravel/framework/src/Illuminate/Foundation/Application.php(1234): Illuminate\\Foundation\\Console\\Kernel->handle()
#48 /project/sandbox/user-workspace/hello-doc/artisan(16): Illuminate\\Foundation\\Application->handleCommand()
#49 {main}
"} 
